{"total": {"lines":{"total":624,"covered":241,"skipped":0,"pct":38.62},"statements":{"total":708,"covered":266,"skipped":0,"pct":37.57},"functions":{"total":124,"covered":41,"skipped":0,"pct":33.06},"branches":{"total":282,"covered":94,"skipped":0,"pct":33.33},"branchesTrue":{"total":0,"covered":0,"skipped":0,"pct":100}}
,"/Users/admin/Nimble/content-syndication-platform/src/admin-api/testStub.js": {"lines":{"total":31,"covered":14,"skipped":0,"pct":45.16},"functions":{"total":4,"covered":3,"skipped":0,"pct":75},"statements":{"total":35,"covered":18,"skipped":0,"pct":51.42},"branches":{"total":10,"covered":7,"skipped":0,"pct":70}}
,"/Users/admin/Nimble/content-syndication-platform/src/content-ingestor/constants.js": {"lines":{"total":3,"covered":3,"skipped":0,"pct":100},"functions":{"total":0,"covered":0,"skipped":0,"pct":100},"statements":{"total":3,"covered":3,"skipped":0,"pct":100},"branches":{"total":0,"covered":0,"skipped":0,"pct":100}}
,"/Users/admin/Nimble/content-syndication-platform/src/content-ingestor/utils.js": {"lines":{"total":32,"covered":7,"skipped":0,"pct":21.87},"functions":{"total":9,"covered":0,"skipped":0,"pct":0},"statements":{"total":34,"covered":7,"skipped":0,"pct":20.58},"branches":{"total":4,"covered":0,"skipped":0,"pct":0}}
,"/Users/admin/Nimble/content-syndication-platform/src/content-ingestor/fetchers/fetcher-api.js": {"lines":{"total":9,"covered":2,"skipped":0,"pct":22.22},"functions":{"total":1,"covered":0,"skipped":0,"pct":0},"statements":{"total":9,"covered":2,"skipped":0,"pct":22.22},"branches":{"total":2,"covered":0,"skipped":0,"pct":0}}
,"/Users/admin/Nimble/content-syndication-platform/src/content-ingestor/fetchers/fetcher-cision.js": {"lines":{"total":24,"covered":7,"skipped":0,"pct":29.16},"functions":{"total":6,"covered":0,"skipped":0,"pct":0},"statements":{"total":26,"covered":7,"skipped":0,"pct":26.92},"branches":{"total":4,"covered":2,"skipped":0,"pct":50}}
,"/Users/admin/Nimble/content-syndication-platform/src/content-ingestor/fetchers/fetcher-feed.js": {"lines":{"total":9,"covered":2,"skipped":0,"pct":22.22},"functions":{"total":1,"covered":0,"skipped":0,"pct":0},"statements":{"total":9,"covered":2,"skipped":0,"pct":22.22},"branches":{"total":2,"covered":0,"skipped":0,"pct":0}}
,"/Users/admin/Nimble/content-syndication-platform/src/content-ingestor/fetchers/index.js": {"lines":{"total":3,"covered":3,"skipped":0,"pct":100},"functions":{"total":1,"covered":1,"skipped":0,"pct":100},"statements":{"total":3,"covered":3,"skipped":0,"pct":100},"branches":{"total":1,"covered":1,"skipped":0,"pct":100}}
,"/Users/admin/Nimble/content-syndication-platform/src/content-ingestor/parsers/base-feedparser.js": {"lines":{"total":36,"covered":2,"skipped":0,"pct":5.55},"functions":{"total":6,"covered":0,"skipped":0,"pct":0},"statements":{"total":37,"covered":2,"skipped":0,"pct":5.4},"branches":{"total":18,"covered":0,"skipped":0,"pct":0}}
,"/Users/admin/Nimble/content-syndication-platform/src/content-ingestor/parsers/index.js": {"lines":{"total":3,"covered":3,"skipped":0,"pct":100},"functions":{"total":1,"covered":1,"skipped":0,"pct":100},"statements":{"total":3,"covered":3,"skipped":0,"pct":100},"branches":{"total":1,"covered":1,"skipped":0,"pct":100}}
,"/Users/admin/Nimble/content-syndication-platform/src/content-ingestor/parsers/parser-ap.js": {"lines":{"total":33,"covered":4,"skipped":0,"pct":12.12},"functions":{"total":6,"covered":0,"skipped":0,"pct":0},"statements":{"total":35,"covered":4,"skipped":0,"pct":11.42},"branches":{"total":8,"covered":0,"skipped":0,"pct":0}}
,"/Users/admin/Nimble/content-syndication-platform/src/content-ingestor/parsers/parser-bestreviews.js": {"lines":{"total":28,"covered":2,"skipped":0,"pct":7.14},"functions":{"total":3,"covered":0,"skipped":0,"pct":0},"statements":{"total":33,"covered":2,"skipped":0,"pct":6.06},"branches":{"total":12,"covered":0,"skipped":0,"pct":0}}
,"/Users/admin/Nimble/content-syndication-platform/src/content-ingestor/parsers/parser-cision.js": {"lines":{"total":26,"covered":5,"skipped":0,"pct":19.23},"functions":{"total":5,"covered":0,"skipped":0,"pct":0},"statements":{"total":27,"covered":5,"skipped":0,"pct":18.51},"branches":{"total":5,"covered":0,"skipped":0,"pct":0}}
,"/Users/admin/Nimble/content-syndication-platform/src/content-publisher/publisher/elastic.js": {"lines":{"total":21,"covered":6,"skipped":0,"pct":28.57},"functions":{"total":4,"covered":0,"skipped":0,"pct":0},"statements":{"total":22,"covered":6,"skipped":0,"pct":27.27},"branches":{"total":21,"covered":4,"skipped":0,"pct":19.04}}
,"/Users/admin/Nimble/content-syndication-platform/src/content-publisher/publisher/index.js": {"lines":{"total":5,"covered":5,"skipped":0,"pct":100},"functions":{"total":2,"covered":2,"skipped":0,"pct":100},"statements":{"total":5,"covered":5,"skipped":0,"pct":100},"branches":{"total":1,"covered":1,"skipped":0,"pct":100}}
,"/Users/admin/Nimble/content-syndication-platform/src/content-publisher/publisher/stub-fail.js": {"lines":{"total":8,"covered":8,"skipped":0,"pct":100},"functions":{"total":2,"covered":2,"skipped":0,"pct":100},"statements":{"total":9,"covered":9,"skipped":0,"pct":100},"branches":{"total":0,"covered":0,"skipped":0,"pct":100}}
,"/Users/admin/Nimble/content-syndication-platform/src/content-publisher/publisher/stub-pass.js": {"lines":{"total":9,"covered":9,"skipped":0,"pct":100},"functions":{"total":2,"covered":2,"skipped":0,"pct":100},"statements":{"total":10,"covered":10,"skipped":0,"pct":100},"branches":{"total":2,"covered":2,"skipped":0,"pct":100}}
,"/Users/admin/Nimble/content-syndication-platform/src/content-publisher/publisher/wordpress.js": {"lines":{"total":20,"covered":3,"skipped":0,"pct":15},"functions":{"total":3,"covered":0,"skipped":0,"pct":0},"statements":{"total":21,"covered":3,"skipped":0,"pct":14.28},"branches":{"total":6,"covered":0,"skipped":0,"pct":0}}
,"/Users/admin/Nimble/content-syndication-platform/src/external-api/queryContentStore.js": {"lines":{"total":41,"covered":24,"skipped":0,"pct":58.53},"functions":{"total":6,"covered":2,"skipped":0,"pct":33.33},"statements":{"total":45,"covered":24,"skipped":0,"pct":53.33},"branches":{"total":22,"covered":12,"skipped":0,"pct":54.54}}
,"/Users/admin/Nimble/content-syndication-platform/src/helpers/cryptoHelper.js": {"lines":{"total":23,"covered":22,"skipped":0,"pct":95.65},"functions":{"total":7,"covered":7,"skipped":0,"pct":100},"statements":{"total":30,"covered":26,"skipped":0,"pct":86.66},"branches":{"total":15,"covered":8,"skipped":0,"pct":53.33}}
,"/Users/admin/Nimble/content-syndication-platform/src/helpers/esHelper.js": {"lines":{"total":149,"covered":54,"skipped":0,"pct":36.24},"functions":{"total":28,"covered":15,"skipped":0,"pct":53.57},"statements":{"total":177,"covered":66,"skipped":0,"pct":37.28},"branches":{"total":86,"covered":27,"skipped":0,"pct":31.39}}
,"/Users/admin/Nimble/content-syndication-platform/src/helpers/rateLimiter.js": {"lines":{"total":50,"covered":24,"skipped":0,"pct":48},"functions":{"total":4,"covered":1,"skipped":0,"pct":25},"statements":{"total":54,"covered":24,"skipped":0,"pct":44.44},"branches":{"total":34,"covered":14,"skipped":0,"pct":41.17}}
,"/Users/admin/Nimble/content-syndication-platform/src/utils/index.js": {"lines":{"total":40,"covered":13,"skipped":0,"pct":32.5},"functions":{"total":18,"covered":0,"skipped":0,"pct":0},"statements":{"total":57,"covered":13,"skipped":0,"pct":22.8},"branches":{"total":10,"covered":0,"skipped":0,"pct":0}}
,"/Users/admin/Nimble/content-syndication-platform/src/utils/logger.js": {"lines":{"total":11,"covered":9,"skipped":0,"pct":81.81},"functions":{"total":2,"covered":2,"skipped":0,"pct":100},"statements":{"total":11,"covered":9,"skipped":0,"pct":81.81},"branches":{"total":9,"covered":6,"skipped":0,"pct":66.66}}
,"/Users/admin/Nimble/content-syndication-platform/src/utils/rateLimiter.js": {"lines":{"total":10,"covered":10,"skipped":0,"pct":100},"functions":{"total":3,"covered":3,"skipped":0,"pct":100},"statements":{"total":13,"covered":13,"skipped":0,"pct":100},"branches":{"total":9,"covered":9,"skipped":0,"pct":100}}
}
